WARNING:py.warnings:/home/kasiful/.local/lib/python3.8/site-packages/seaborn/_decorators.py:36: FutureWarning: Pass the following variable as a keyword arg: x. From version 0.12, the only valid positional argument will be `data`, and passing other arguments without an explicit keyword will result in an error or misinterpretation.
  warnings.warn(

WARNING:py.warnings:/home/kasiful/.local/lib/python3.8/site-packages/numpy/lib/nanfunctions.py:1560: RuntimeWarning: All-NaN slice encountered
  r, k = function_base._ureduce(a,

WARNING:py.warnings:/home/kasiful/.local/lib/python3.8/site-packages/numpy/lib/nanfunctions.py:1560: RuntimeWarning: All-NaN slice encountered
  r, k = function_base._ureduce(a,

WARNING:py.warnings:/home/kasiful/.local/lib/python3.8/site-packages/numpy/lib/nanfunctions.py:1560: RuntimeWarning: All-NaN slice encountered
  r, k = function_base._ureduce(a,

WARNING:py.warnings:/home/kasiful/.local/lib/python3.8/site-packages/numpy/lib/nanfunctions.py:1560: RuntimeWarning: All-NaN slice encountered
  r, k = function_base._ureduce(a,

WARNING:py.warnings:/home/kasiful/.local/lib/python3.8/site-packages/numpy/lib/nanfunctions.py:1560: RuntimeWarning: All-NaN slice encountered
  r, k = function_base._ureduce(a,

WARNING:py.warnings:/home/kasiful/.local/lib/python3.8/site-packages/numpy/lib/nanfunctions.py:1560: RuntimeWarning: All-NaN slice encountered
  r, k = function_base._ureduce(a,

WARNING:py.warnings:/home/kasiful/.local/lib/python3.8/site-packages/numpy/lib/nanfunctions.py:1560: RuntimeWarning: All-NaN slice encountered
  r, k = function_base._ureduce(a,

WARNING:py.warnings:/home/kasiful/.local/lib/python3.8/site-packages/numpy/lib/nanfunctions.py:1560: RuntimeWarning: All-NaN slice encountered
  r, k = function_base._ureduce(a,

WARNING:py.warnings:/home/kasiful/.local/lib/python3.8/site-packages/numpy/lib/nanfunctions.py:1560: RuntimeWarning: All-NaN slice encountered
  r, k = function_base._ureduce(a,

WARNING:py.warnings:/home/kasiful/.local/lib/python3.8/site-packages/numpy/lib/nanfunctions.py:1560: RuntimeWarning: All-NaN slice encountered
  r, k = function_base._ureduce(a,

WARNING:py.warnings:/home/kasiful/.local/lib/python3.8/site-packages/numpy/lib/nanfunctions.py:1560: RuntimeWarning: All-NaN slice encountered
  r, k = function_base._ureduce(a,

WARNING:py.warnings:/home/kasiful/.local/lib/python3.8/site-packages/numpy/lib/nanfunctions.py:1560: RuntimeWarning: All-NaN slice encountered
  r, k = function_base._ureduce(a,

WARNING:py.warnings:/home/kasiful/.local/lib/python3.8/site-packages/numpy/lib/nanfunctions.py:1560: RuntimeWarning: All-NaN slice encountered
  r, k = function_base._ureduce(a,

WARNING:py.warnings:/home/kasiful/.local/lib/python3.8/site-packages/numpy/lib/nanfunctions.py:1560: RuntimeWarning: All-NaN slice encountered
  r, k = function_base._ureduce(a,

WARNING:py.warnings:/home/kasiful/.local/lib/python3.8/site-packages/numpy/lib/nanfunctions.py:1560: RuntimeWarning: All-NaN slice encountered
  r, k = function_base._ureduce(a,

WARNING:py.warnings:/home/kasiful/.local/lib/python3.8/site-packages/numpy/lib/nanfunctions.py:1560: RuntimeWarning: All-NaN slice encountered
  r, k = function_base._ureduce(a,

WARNING:py.warnings:/home/kasiful/.local/lib/python3.8/site-packages/numpy/lib/nanfunctions.py:1560: RuntimeWarning: All-NaN slice encountered
  r, k = function_base._ureduce(a,

WARNING:py.warnings:/home/kasiful/.local/lib/python3.8/site-packages/numpy/lib/nanfunctions.py:1560: RuntimeWarning: All-NaN slice encountered
  r, k = function_base._ureduce(a,

WARNING:py.warnings:/home/kasiful/.local/lib/python3.8/site-packages/numpy/lib/nanfunctions.py:1560: RuntimeWarning: All-NaN slice encountered
  r, k = function_base._ureduce(a,

WARNING:py.warnings:/home/kasiful/.local/lib/python3.8/site-packages/numpy/lib/nanfunctions.py:1560: RuntimeWarning: All-NaN slice encountered
  r, k = function_base._ureduce(a,

WARNING:py.warnings:/home/kasiful/.local/lib/python3.8/site-packages/numpy/lib/nanfunctions.py:1560: RuntimeWarning: All-NaN slice encountered
  r, k = function_base._ureduce(a,

WARNING:py.warnings:/home/kasiful/.local/lib/python3.8/site-packages/numpy/lib/nanfunctions.py:1560: RuntimeWarning: All-NaN slice encountered
  r, k = function_base._ureduce(a,

WARNING:py.warnings:/home/kasiful/.local/lib/python3.8/site-packages/numpy/lib/nanfunctions.py:1560: RuntimeWarning: All-NaN slice encountered
  r, k = function_base._ureduce(a,

WARNING:py.warnings:/home/kasiful/.local/lib/python3.8/site-packages/numpy/lib/nanfunctions.py:1560: RuntimeWarning: All-NaN slice encountered
  r, k = function_base._ureduce(a,

WARNING:py.warnings:/home/kasiful/.local/lib/python3.8/site-packages/numpy/lib/nanfunctions.py:1560: RuntimeWarning: All-NaN slice encountered
  r, k = function_base._ureduce(a,

WARNING:py.warnings:/home/kasiful/.local/lib/python3.8/site-packages/numpy/lib/nanfunctions.py:1560: RuntimeWarning: All-NaN slice encountered
  r, k = function_base._ureduce(a,

WARNING:py.warnings:/home/kasiful/.local/lib/python3.8/site-packages/numpy/lib/nanfunctions.py:1560: RuntimeWarning: All-NaN slice encountered
  r, k = function_base._ureduce(a,

WARNING:py.warnings:/home/kasiful/.local/lib/python3.8/site-packages/numpy/lib/nanfunctions.py:1560: RuntimeWarning: All-NaN slice encountered
  r, k = function_base._ureduce(a,

WARNING:py.warnings:/home/kasiful/.local/lib/python3.8/site-packages/numpy/lib/nanfunctions.py:1560: RuntimeWarning: All-NaN slice encountered
  r, k = function_base._ureduce(a,

WARNING:py.warnings:/home/kasiful/.local/lib/python3.8/site-packages/numpy/lib/nanfunctions.py:1560: RuntimeWarning: All-NaN slice encountered
  r, k = function_base._ureduce(a,

WARNING:py.warnings:/home/kasiful/.local/lib/python3.8/site-packages/numpy/lib/nanfunctions.py:1560: RuntimeWarning: All-NaN slice encountered
  r, k = function_base._ureduce(a,

WARNING:py.warnings:/home/kasiful/.local/lib/python3.8/site-packages/numpy/lib/nanfunctions.py:1560: RuntimeWarning: All-NaN slice encountered
  r, k = function_base._ureduce(a,

WARNING:py.warnings:/home/kasiful/.local/lib/python3.8/site-packages/numpy/lib/nanfunctions.py:1560: RuntimeWarning: All-NaN slice encountered
  r, k = function_base._ureduce(a,

WARNING:py.warnings:/home/kasiful/.local/lib/python3.8/site-packages/numpy/lib/nanfunctions.py:1560: RuntimeWarning: All-NaN slice encountered
  r, k = function_base._ureduce(a,

WARNING:py.warnings:/home/kasiful/.local/lib/python3.8/site-packages/numpy/lib/nanfunctions.py:1560: RuntimeWarning: All-NaN slice encountered
  r, k = function_base._ureduce(a,

WARNING:py.warnings:/home/kasiful/.local/lib/python3.8/site-packages/numpy/lib/nanfunctions.py:1560: RuntimeWarning: All-NaN slice encountered
  r, k = function_base._ureduce(a,

WARNING:py.warnings:/home/kasiful/.local/lib/python3.8/site-packages/numpy/lib/nanfunctions.py:1560: RuntimeWarning: All-NaN slice encountered
  r, k = function_base._ureduce(a,

WARNING:py.warnings:/home/kasiful/.local/lib/python3.8/site-packages/numpy/lib/nanfunctions.py:1560: RuntimeWarning: All-NaN slice encountered
  r, k = function_base._ureduce(a,

WARNING:py.warnings:/home/kasiful/.local/lib/python3.8/site-packages/numpy/lib/nanfunctions.py:1560: RuntimeWarning: All-NaN slice encountered
  r, k = function_base._ureduce(a,

WARNING:py.warnings:/home/kasiful/.local/lib/python3.8/site-packages/numpy/lib/nanfunctions.py:1560: RuntimeWarning: All-NaN slice encountered
  r, k = function_base._ureduce(a,

WARNING:py.warnings:/home/kasiful/.local/lib/python3.8/site-packages/numpy/lib/nanfunctions.py:1560: RuntimeWarning: All-NaN slice encountered
  r, k = function_base._ureduce(a,

WARNING:py.warnings:/home/kasiful/.local/lib/python3.8/site-packages/numpy/lib/nanfunctions.py:1560: RuntimeWarning: All-NaN slice encountered
  r, k = function_base._ureduce(a,

WARNING:py.warnings:/home/kasiful/.local/lib/python3.8/site-packages/numpy/lib/nanfunctions.py:1560: RuntimeWarning: All-NaN slice encountered
  r, k = function_base._ureduce(a,

WARNING:py.warnings:/home/kasiful/.local/lib/python3.8/site-packages/numpy/lib/nanfunctions.py:1560: RuntimeWarning: All-NaN slice encountered
  r, k = function_base._ureduce(a,

WARNING:py.warnings:/home/kasiful/.local/lib/python3.8/site-packages/numpy/lib/nanfunctions.py:1560: RuntimeWarning: All-NaN slice encountered
  r, k = function_base._ureduce(a,

WARNING:py.warnings:/home/kasiful/.local/lib/python3.8/site-packages/numpy/lib/nanfunctions.py:1560: RuntimeWarning: All-NaN slice encountered
  r, k = function_base._ureduce(a,

WARNING:py.warnings:/home/kasiful/.local/lib/python3.8/site-packages/numpy/lib/nanfunctions.py:1560: RuntimeWarning: All-NaN slice encountered
  r, k = function_base._ureduce(a,

WARNING:py.warnings:/home/kasiful/.local/lib/python3.8/site-packages/numpy/lib/nanfunctions.py:1560: RuntimeWarning: All-NaN slice encountered
  r, k = function_base._ureduce(a,

WARNING:py.warnings:/home/kasiful/.local/lib/python3.8/site-packages/numpy/lib/nanfunctions.py:1560: RuntimeWarning: All-NaN slice encountered
  r, k = function_base._ureduce(a,

WARNING:py.warnings:/home/kasiful/.local/lib/python3.8/site-packages/numpy/lib/nanfunctions.py:1560: RuntimeWarning: All-NaN slice encountered
  r, k = function_base._ureduce(a,

WARNING:py.warnings:/home/kasiful/.local/lib/python3.8/site-packages/numpy/lib/nanfunctions.py:1560: RuntimeWarning: All-NaN slice encountered
  r, k = function_base._ureduce(a,

WARNING:py.warnings:/home/kasiful/.local/lib/python3.8/site-packages/numpy/lib/nanfunctions.py:1560: RuntimeWarning: All-NaN slice encountered
  r, k = function_base._ureduce(a,

WARNING:py.warnings:/home/kasiful/miniconda3/envs/kominfo/lib/python3.8/site-packages/scalecast/Forecaster.py:200: FutureWarning: The default dtype for empty Series will be 'object' instead of 'float64' in a future version. Specify a dtype explicitly to silence this warning.
  self.future_dates = pd.Series([])

WARNING:py.warnings:/home/kasiful/miniconda3/envs/kominfo/lib/python3.8/site-packages/scalecast/Forecaster.py:200: FutureWarning: The default dtype for empty Series will be 'object' instead of 'float64' in a future version. Specify a dtype explicitly to silence this warning.
  self.future_dates = pd.Series([])

WARNING:py.warnings:/home/kasiful/miniconda3/envs/kominfo/lib/python3.8/site-packages/statsmodels/graphics/tsaplots.py:348: FutureWarning: The default method 'yw' can produce PACF values outside of the [-1,1] interval. After 0.13, the default will change tounadjusted Yule-Walker ('ywm'). You can use this method now by setting method='ywm'.
  warnings.warn(

WARNING:py.warnings:/home/kasiful/miniconda3/envs/kominfo/lib/python3.8/site-packages/statsmodels/graphics/tsaplots.py:348: FutureWarning: The default method 'yw' can produce PACF values outside of the [-1,1] interval. After 0.13, the default will change tounadjusted Yule-Walker ('ywm'). You can use this method now by setting method='ywm'.
  warnings.warn(

WARNING:py.warnings:/home/kasiful/miniconda3/envs/kominfo/lib/python3.8/site-packages/scalecast/Forecaster.py:200: FutureWarning: The default dtype for empty Series will be 'object' instead of 'float64' in a future version. Specify a dtype explicitly to silence this warning.
  self.future_dates = pd.Series([])

WARNING:py.warnings:/home/kasiful/miniconda3/envs/kominfo/lib/python3.8/site-packages/scalecast/Forecaster.py:200: FutureWarning: The default dtype for empty Series will be 'object' instead of 'float64' in a future version. Specify a dtype explicitly to silence this warning.
  self.future_dates = pd.Series([])

WARNING:tensorflow:Model was constructed with shape (None, 6) for input KerasTensor(type_spec=TensorSpec(shape=(None, 6), dtype=tf.float32, name='lambda_4_input'), name='lambda_4_input', description="created by layer 'lambda_4_input'"), but it was called on an input with incompatible shape (None,).
WARNING:tensorflow:Model was constructed with shape (None, 6) for input KerasTensor(type_spec=TensorSpec(shape=(None, 6), dtype=tf.float32, name='lambda_6_input'), name='lambda_6_input', description="created by layer 'lambda_6_input'"), but it was called on an input with incompatible shape (None,).
WARNING:tensorflow:Model was constructed with shape (None, 6, 1) for input KerasTensor(type_spec=TensorSpec(shape=(None, 6, 1), dtype=tf.float32, name='simple_rnn_8_input'), name='simple_rnn_8_input', description="created by layer 'simple_rnn_8_input'"), but it was called on an input with incompatible shape (None,).
WARNING:tensorflow:Model was constructed with shape (None, 6, 1) for input KerasTensor(type_spec=TensorSpec(shape=(None, 6, 1), dtype=tf.float32, name='lstm_input'), name='lstm_input', description="created by layer 'lstm_input'"), but it was called on an input with incompatible shape (None,).
WARNING:tensorflow:Model was constructed with shape (None, 6, 1) for input KerasTensor(type_spec=TensorSpec(shape=(None, 6, 1), dtype=tf.float32, name='lstm_2_input'), name='lstm_2_input', description="created by layer 'lstm_2_input'"), but it was called on an input with incompatible shape (None,).
WARNING:tensorflow:Model was constructed with shape (None, 6, 1) for input KerasTensor(type_spec=TensorSpec(shape=(None, 6, 1), dtype=tf.float32, name='lstm_4_input'), name='lstm_4_input', description="created by layer 'lstm_4_input'"), but it was called on an input with incompatible shape (None,).
WARNING:py.warnings:/home/kasiful/miniconda3/envs/kominfo/lib/python3.8/site-packages/keras/engine/data_adapter.py:656: VisibleDeprecationWarning: Creating an ndarray from ragged nested sequences (which is a list-or-tuple of lists-or-tuples-or ndarrays with different lengths or shapes) is deprecated. If you meant to do this, you must specify 'dtype=object' when creating the ndarray.
  x = np.asarray(x)

WARNING:py.warnings:/home/kasiful/miniconda3/envs/kominfo/lib/python3.8/site-packages/scalecast/Forecaster.py:200: FutureWarning: The default dtype for empty Series will be 'object' instead of 'float64' in a future version. Specify a dtype explicitly to silence this warning.
  self.future_dates = pd.Series([])

WARNING:py.warnings:/tmp/ipykernel_28130/578390647.py:8: VisibleDeprecationWarning: Creating an ndarray from ragged nested sequences (which is a list-or-tuple of lists-or-tuples-or ndarrays with different lengths or shapes) is deprecated. If you meant to do this, you must specify 'dtype=object' when creating the ndarray.
  xtrain = np.array(xtrain)

WARNING:py.warnings:/tmp/ipykernel_28130/2976911354.py:8: VisibleDeprecationWarning: Creating an ndarray from ragged nested sequences (which is a list-or-tuple of lists-or-tuples-or ndarrays with different lengths or shapes) is deprecated. If you meant to do this, you must specify 'dtype=object' when creating the ndarray.
  xdata = np.array(xdata)

WARNING:py.warnings:/tmp/ipykernel_28130/1767004428.py:8: VisibleDeprecationWarning: Creating an ndarray from ragged nested sequences (which is a list-or-tuple of lists-or-tuples-or ndarrays with different lengths or shapes) is deprecated. If you meant to do this, you must specify 'dtype=object' when creating the ndarray.
  xdata = np.array(xdata)

WARNING:py.warnings:/tmp/ipykernel_28130/3969860423.py:8: VisibleDeprecationWarning: Creating an ndarray from ragged nested sequences (which is a list-or-tuple of lists-or-tuples-or ndarrays with different lengths or shapes) is deprecated. If you meant to do this, you must specify 'dtype=object' when creating the ndarray.
  xdata = np.array(xdata)

WARNING:py.warnings:/tmp/ipykernel_28130/4037479678.py:8: VisibleDeprecationWarning: Creating an ndarray from ragged nested sequences (which is a list-or-tuple of lists-or-tuples-or ndarrays with different lengths or shapes) is deprecated. If you meant to do this, you must specify 'dtype=object' when creating the ndarray.
  xdata = np.array(xdata)

WARNING:py.warnings:/tmp/ipykernel_28130/3381491106.py:8: VisibleDeprecationWarning: Creating an ndarray from ragged nested sequences (which is a list-or-tuple of lists-or-tuples-or ndarrays with different lengths or shapes) is deprecated. If you meant to do this, you must specify 'dtype=object' when creating the ndarray.
  xdata = np.array(xdata)

